<?xml version="1.0" encoding="UTF-8"?>
<!-- Generated by org.testng.reporters.JUnitReportReporter -->
<testsuite skipped="0" hostname="GINBAKS" name="test.NewDocumentTests" tests="1" failures="0" timestamp="22 Mar 2020 09:22:23 GMT" time="4.464" errors="0">
  <testcase name="createNewDocumentTest" time="4.464" classname="test.NewDocumentTests"/>
</testsuite> <!-- test.NewDocumentTests -->
