<?xml version="1.0" encoding="UTF-8"?>
<!-- Generated by org.testng.reporters.JUnitReportReporter -->
<testsuite skipped="0" hostname="DESKTOP-UQOQGP4" name="test.EditDocTypeTests" tests="2" failures="0" timestamp="22 Mar 2020 12:46:20 GMT" time="6.504" errors="0">
  <testcase name="editDocTypeGroupTest" time="4.793" classname="test.EditDocTypeTests"/>
  <testcase name="editDocTypeNameTest" time="1.711" classname="test.EditDocTypeTests"/>
</testsuite> <!-- test.EditDocTypeTests -->
