<?xml version="1.0" encoding="UTF-8"?>
<!-- Generated by org.testng.reporters.JUnitReportReporter -->
<testsuite skipped="0" hostname="GINBAKS" name="test.DeclineDocumentTests" tests="1" failures="0" timestamp="25 Mar 2020 07:40:40 GMT" time="8.751" errors="0">
  <testcase name="declineDocumentTest" time="8.751" classname="test.DeclineDocumentTests"/>
</testsuite> <!-- test.DeclineDocumentTests -->
