<?xml version="1.0" encoding="UTF-8"?>
<!-- Generated by org.testng.reporters.JUnitReportReporter -->
<testsuite skipped="1" hostname="GINBAKS" name="test.PasswordHashingTests" tests="2" failures="0" timestamp="22 Mar 2020 20:30:16 GMT" time="0.279" errors="0">
  <testcase name="passwordHashingTest" time="0.279" classname="test.PasswordHashingTests"/>
  <testcase name="editedPasswordHashingTest" classname="test.PasswordHashingTests">
    <skipped/>
  </testcase> <!-- editedPasswordHashingTest -->
</testsuite> <!-- test.PasswordHashingTests -->
