<?xml version="1.0" encoding="UTF-8"?>
<!-- Generated by org.testng.reporters.JUnitReportReporter -->
<testsuite skipped="0" hostname="GINBAKS" name="test.SubmitDocumentTests" tests="1" failures="0" timestamp="25 Mar 2020 10:05:50 GMT" time="5.728" errors="0">
  <testcase name="submitDocumentTest" time="5.728" classname="test.SubmitDocumentTests"/>
</testsuite> <!-- test.SubmitDocumentTests -->
