<?xml version="1.0" encoding="UTF-8"?>
<!-- Generated by org.testng.reporters.JUnitReportReporter -->
<testsuite skipped="0" hostname="DESKTOP-UQOQGP4" name="test.BrokenLinksTest" tests="2" failures="0" timestamp="09 Mar 2020 07:23:49 GMT" time="3.817" errors="0">
  <testcase name="brokeButtonsTest" time="2.532" classname="test.BrokenLinksTest"/>
  <testcase name="brokenLinksTest" time="1.285" classname="test.BrokenLinksTest"/>
</testsuite> <!-- test.BrokenLinksTest -->
