<?xml version="1.0" encoding="UTF-8"?>
<!-- Generated by org.testng.reporters.JUnitReportReporter -->
<testsuite skipped="0" hostname="GINBAKS" name="test.BrokenLinksTest" tests="2" failures="0" timestamp="20 Feb 2020 10:15:07 GMT" time="3.236" errors="0">
  <testcase name="brokeButtonsTest" time="2.038" classname="test.BrokenLinksTest"/>
  <testcase name="brokenLinksTest" time="1.198" classname="test.BrokenLinksTest"/>
</testsuite> <!-- test.BrokenLinksTest -->
