<?xml version="1.0" encoding="UTF-8"?>
<!-- Generated by org.testng.reporters.JUnitReportReporter -->
<testsuite skipped="0" hostname="DESKTOP-UQOQGP4" name="test.NewGroupTests" tests="3" failures="0" timestamp="24 Mar 2020 07:06:28 GMT" time="5.462" errors="0">
  <testcase name="groupWithoutNameTest" time="1.578" classname="test.NewGroupTests"/>
  <testcase name="createGroupTest" time="2.636" classname="test.NewGroupTests"/>
  <testcase name="userInGroupTest" time="1.248" classname="test.NewGroupTests"/>
</testsuite> <!-- test.NewGroupTests -->
