<?xml version="1.0" encoding="UTF-8"?>
<!-- Generated by org.testng.reporters.JUnitReportReporter -->
<testsuite skipped="0" hostname="GINBAKS" name="test.PasswordHashingTests" tests="1" failures="0" timestamp="17 Mar 2020 07:40:27 GMT" time="0.458" errors="0">
  <testcase name="passwordHashingTest" time="0.458" classname="test.PasswordHashingTests"/>
</testsuite> <!-- test.PasswordHashingTests -->
