<?xml version="1.0" encoding="UTF-8"?>
<!-- Generated by org.testng.reporters.JUnitReportReporter -->
<testsuite skipped="1" hostname="DESKTOP-UQOQGP4" name="test.NewGroupTests" tests="4" failures="0" timestamp="09 Mar 2020 09:59:35 GMT" time="4.625" errors="0">
  <testcase name="createGroupTest" time="2.988" classname="test.NewGroupTests"/>
  <testcase name="groupWithoutNameTest" time="0.895" classname="test.NewGroupTests"/>
  <testcase name="userInGroupTest" time="0.742" classname="test.NewGroupTests"/>
  <testcase name="editGroupTest" classname="test.NewGroupTests">
    <skipped/>
  </testcase> <!-- editGroupTest -->
</testsuite> <!-- test.NewGroupTests -->
