<?xml version="1.0" encoding="UTF-8"?>
<!-- Generated by org.testng.reporters.JUnitReportReporter -->
<testsuite skipped="0" hostname="DESKTOP-UQOQGP4" name="test.BrokenLinksTest" tests="2" failures="0" timestamp="25 Mar 2020 07:01:08 GMT" time="3.016" errors="0">
  <testcase name="brokeButtonsTest" time="1.971" classname="test.BrokenLinksTest"/>
  <testcase name="brokenLinksTest" time="1.045" classname="test.BrokenLinksTest"/>
</testsuite> <!-- test.BrokenLinksTest -->
