<?xml version="1.0" encoding="UTF-8"?>
<!-- Generated by org.testng.reporters.JUnitReportReporter -->
<testsuite skipped="0" hostname="DESKTOP-UQOQGP4" name="test.StatisticsTests" tests="1" failures="0" timestamp="25 Mar 2020 07:01:08 GMT" time="2.249" errors="0">
  <testcase name="statisticsTest" time="2.249" classname="test.StatisticsTests"/>
</testsuite> <!-- test.StatisticsTests -->
