<?xml version="1.0" encoding="UTF-8"?>
<!-- Generated by org.testng.reporters.JUnitReportReporter -->
<testsuite skipped="0" hostname="DESKTOP-UQOQGP4" name="test.EditDocTypeTests" tests="2" failures="0" timestamp="24 Mar 2020 06:58:41 GMT" time="6.391" errors="0">
  <testcase name="editDocTypeNameTest" time="2.816" classname="test.EditDocTypeTests"/>
  <testcase name="editDocTypeGroupTest" time="3.575" classname="test.EditDocTypeTests"/>
</testsuite> <!-- test.EditDocTypeTests -->
