<?xml version="1.0" encoding="UTF-8"?>
<!-- Generated by org.testng.reporters.JUnitReportReporter -->
<testsuite skipped="0" hostname="DESKTOP-UQOQGP4" name="test.loginTests" tests="4" failures="0" timestamp="24 Mar 2020 07:00:36 GMT" time="4.102" errors="0">
  <testcase name="emptyLoginFieldsTest" time="0.895" classname="test.loginTests"/>
  <testcase name="adminLoginTest" time="1.137" classname="test.loginTests"/>
  <testcase name="userLoginTest" time="1.095" classname="test.loginTests"/>
  <testcase name="wrongLoginTest" time="0.975" classname="test.loginTests"/>
</testsuite> <!-- test.loginTests -->
