<?xml version="1.0" encoding="UTF-8"?>
<!-- Generated by org.testng.reporters.JUnitReportReporter -->
<testsuite skipped="0" hostname="GINBAKS" name="test.loginTests" tests="4" failures="0" timestamp="11 Feb 2020 09:51:27 GMT" time="1.615" errors="0">
  <testcase name="adminLoginTest" time="0.947" classname="test.loginTests"/>
  <testcase name="userLoginTest" time="0.392" classname="test.loginTests"/>
  <testcase name="wrongLoginTest" time="0.209" classname="test.loginTests"/>
  <testcase name="emptyLoginFieldsTest" time="0.067" classname="test.loginTests"/>
</testsuite> <!-- test.loginTests -->
