<?xml version="1.0" encoding="UTF-8"?>
<!-- Generated by org.testng.reporters.JUnitReportReporter -->
<testsuite skipped="0" hostname="DESKTOP-UQOQGP4" name="test.BrokenLinksTest" tests="1" failures="0" timestamp="17 Feb 2020 06:33:45 GMT" time="1.189" errors="0">
  <testcase name="brokenLinksTest" time="1.189" classname="test.BrokenLinksTest"/>
</testsuite> <!-- test.BrokenLinksTest -->
