<?xml version="1.0" encoding="UTF-8"?>
<!-- Generated by org.testng.reporters.JUnitReportReporter -->
<testsuite skipped="0" hostname="GINBAKS" name="test.PasswordHashingTests" tests="1" failures="0" timestamp="25 Mar 2020 10:02:32 GMT" time="0.034" errors="0">
  <testcase name="passwordHashingTest" time="0.034" classname="test.PasswordHashingTests"/>
</testsuite> <!-- test.PasswordHashingTests -->
