<?xml version="1.0" encoding="UTF-8"?>
<!-- Generated by org.testng.reporters.JUnitReportReporter -->
<testsuite skipped="0" hostname="DESKTOP-UQOQGP4" name="test.EditGroupTest" tests="3" failures="0" timestamp="24 Mar 2020 07:00:13 GMT" time="10.159" errors="0">
  <testcase name="editGroupName" time="3.244" classname="test.EditGroupTest"/>
  <testcase name="updateGroupUsersTest" time="3.038" classname="test.EditGroupTest"/>
  <testcase name="updateGroupCreatSignRightsTest" time="3.877" classname="test.EditGroupTest"/>
</testsuite> <!-- test.EditGroupTest -->
