<?xml version="1.0" encoding="UTF-8"?>
<!-- Generated by org.testng.reporters.JUnitReportReporter -->
<testsuite skipped="0" hostname="GINBAKS" name="test.NewUserTests" tests="14" failures="0" timestamp="21 Mar 2020 20:59:13 GMT" time="23.383" errors="0">
  <testcase name="newUserTestPasswordWithSpace" time="1.046" classname="test.NewUserTests"/>
  <testcase name="createNewUserTest" time="4.461" classname="test.NewUserTests"/>
  <testcase name="newUserTestLastName21char" time="1.091" classname="test.NewUserTests"/>
  <testcase name="newUserTestEmptyLastNameField" time="0.954" classname="test.NewUserTests"/>
  <testcase name="newUserTestPassword21char" time="1.263" classname="test.NewUserTests"/>
  <testcase name="newUserTestUsername21char" time="1.110" classname="test.NewUserTests"/>
  <testcase name="newUserTestPassword3char" time="1.025" classname="test.NewUserTests"/>
  <testcase name="createNewAdminTest" time="4.644" classname="test.NewUserTests"/>
  <testcase name="newUserTestEmptyFirstNameField" time="1.033" classname="test.NewUserTests"/>
  <testcase name="newUserTestUsername3char" time="1.028" classname="test.NewUserTests"/>
  <testcase name="newUserTestUsernameWithSpace" time="1.189" classname="test.NewUserTests"/>
  <testcase name="newUserTestNotUniqueUsername" time="1.627" classname="test.NewUserTests"/>
  <testcase name="newUserTestUsernameSpecChar" time="1.712" classname="test.NewUserTests"/>
  <testcase name="newUserTestFirstName21char" time="1.200" classname="test.NewUserTests"/>
</testsuite> <!-- test.NewUserTests -->
