<?xml version="1.0" encoding="UTF-8"?>
<!-- Generated by org.testng.reporters.JUnitReportReporter -->
<testsuite skipped="0" hostname="DESKTOP-UQOQGP4" name="test.NewDocTypeTests" tests="3" failures="0" timestamp="09 Mar 2020 08:02:57 GMT" time="2.064" errors="0">
  <testcase name="createNewDocTypeTest" time="1.002" classname="test.NewDocTypeTests"/>
  <testcase name="docTypeNoNameTest" time="0.688" classname="test.NewDocTypeTests"/>
  <testcase name="docTypeGroupsTest" time="0.374" classname="test.NewDocTypeTests"/>
</testsuite> <!-- test.NewDocTypeTests -->
