<?xml version="1.0" encoding="UTF-8"?>
<!-- Generated by org.testng.reporters.JUnitReportReporter -->
<testsuite skipped="0" hostname="DESKTOP-UQOQGP4" name="test.NewDocTypeTests" tests="3" failures="0" timestamp="24 Mar 2020 07:05:43 GMT" time="4.430" errors="0">
  <testcase name="docTypeNoNameTest" time="1.344" classname="test.NewDocTypeTests"/>
  <testcase name="createNewDocTypeTest" time="1.977" classname="test.NewDocTypeTests"/>
  <testcase name="docTypeGroupsTest" time="1.109" classname="test.NewDocTypeTests"/>
</testsuite> <!-- test.NewDocTypeTests -->
