<?xml version="1.0" encoding="UTF-8"?>
<!-- Generated by org.testng.reporters.JUnitReportReporter -->
<testsuite skipped="2" hostname="DESKTOP-UQOQGP4" name="test.NewGroupTests" tests="5" failures="0" timestamp="17 Feb 2020 10:40:41 GMT" time="5.399" errors="0">
  <testcase name="groupWithoutNameTest" time="0.989" classname="test.NewGroupTests"/>
  <testcase name="createGroupTest" time="3.202" classname="test.NewGroupTests"/>
  <testcase name="userInGroupTest" time="1.208" classname="test.NewGroupTests"/>
  <testcase name="docTypeTest" classname="test.NewGroupTests">
    <skipped/>
  </testcase> <!-- docTypeTest -->
  <testcase name="editGroupTest" classname="test.NewGroupTests">
    <skipped/>
  </testcase> <!-- editGroupTest -->
</testsuite> <!-- test.NewGroupTests -->
