<?xml version="1.0" encoding="UTF-8"?>
<!-- Generated by org.testng.reporters.JUnitReportReporter -->
<testsuite skipped="0" hostname="GINBAKS" name="test.SignDocumentTests" tests="1" failures="0" timestamp="25 Mar 2020 10:06:11 GMT" time="8.431" errors="0">
  <testcase name="signDocumentTest" time="8.431" classname="test.SignDocumentTests"/>
</testsuite> <!-- test.SignDocumentTests -->
