<?xml version="1.0" encoding="UTF-8"?>
<!-- Generated by org.testng.reporters.JUnitReportReporter -->
<testsuite skipped="0" hostname="DESKTOP-UQOQGP4" name="test.EditDocTypeTests" tests="2" failures="0" timestamp="25 Mar 2020 07:01:08 GMT" time="5.633" errors="0">
  <testcase name="editDocTypeNameTest" time="2.189" classname="test.EditDocTypeTests"/>
  <testcase name="editDocTypeGroupTest" time="3.444" classname="test.EditDocTypeTests"/>
</testsuite> <!-- test.EditDocTypeTests -->
