<?xml version="1.0" encoding="UTF-8"?>
<!-- Generated by org.testng.reporters.JUnitReportReporter -->
<testsuite skipped="0" hostname="DESKTOP-UQOQGP4" name="test.EditGroupTest" tests="3" failures="0" timestamp="21 Mar 2020 13:10:29 GMT" time="10.917" errors="0">
  <testcase name="editGroupName" time="3.464" classname="test.EditGroupTest"/>
  <testcase name="updateGroupUsersTest" time="3.428" classname="test.EditGroupTest"/>
  <testcase name="updateGroupCreatSignRightsTest" time="4.025" classname="test.EditGroupTest"/>
</testsuite> <!-- test.EditGroupTest -->
