<?xml version="1.0" encoding="UTF-8"?>
<!-- Generated by org.testng.reporters.JUnitReportReporter -->
<testsuite skipped="0" hostname="DESKTOP-UQOQGP4" name="test.EditDocTypeTests" tests="1" failures="0" timestamp="22 Mar 2020 08:38:02 GMT" time="0.035" errors="0">
  <testcase name="editDocTypeNameTest" time="0.035" classname="test.EditDocTypeTests"/>
</testsuite> <!-- test.EditDocTypeTests -->
