<?xml version="1.0" encoding="UTF-8"?>
<!-- Generated by org.testng.reporters.JUnitReportReporter -->
<testsuite skipped="0" hostname="DESKTOP-UQOQGP4" name="test.loginTests" tests="4" failures="0" timestamp="17 Feb 2020 10:56:29 GMT" time="2.923" errors="0">
  <testcase name="wrongLoginTest" time="0.406" classname="test.loginTests"/>
  <testcase name="emptyLoginFieldsTest" time="0.300" classname="test.loginTests"/>
  <testcase name="adminLoginTest" time="1.118" classname="test.loginTests"/>
  <testcase name="userLoginTest" time="1.099" classname="test.loginTests"/>
</testsuite> <!-- test.loginTests -->
