<?xml version="1.0" encoding="UTF-8"?>
<!-- Generated by org.testng.reporters.JUnitReportReporter -->
<testsuite skipped="0" hostname="DESKTOP-UQOQGP4" name="test.NewDocTypeTests" tests="3" failures="0" timestamp="20 Feb 2020 07:21:41 GMT" time="3.030" errors="0">
  <testcase name="createNewDocTypeTest" time="2.108" classname="test.NewDocTypeTests"/>
  <testcase name="docTypeNoNameTest" time="0.596" classname="test.NewDocTypeTests"/>
  <testcase name="docTypeGroupsTest" time="0.326" classname="test.NewDocTypeTests"/>
</testsuite> <!-- test.NewDocTypeTests -->
