<?xml version="1.0" encoding="UTF-8"?>
<!-- Generated by org.testng.reporters.JUnitReportReporter -->
<testsuite skipped="0" hostname="DESKTOP-UQOQGP4" name="test.NewDocTypeTests" tests="3" failures="0" timestamp="25 Mar 2020 07:01:08 GMT" time="3.883" errors="0">
  <testcase name="docTypeNoNameTest" time="0.980" classname="test.NewDocTypeTests"/>
  <testcase name="createNewDocTypeTest" time="1.838" classname="test.NewDocTypeTests"/>
  <testcase name="docTypeGroupsTest" time="1.065" classname="test.NewDocTypeTests"/>
</testsuite> <!-- test.NewDocTypeTests -->
