<?xml version="1.0" encoding="UTF-8"?>
<!-- Generated by org.testng.reporters.JUnitReportReporter -->
<testsuite skipped="0" hostname="DESKTOP-UQOQGP4" name="test.BrokenLinksTest" tests="2" failures="0" timestamp="24 Mar 2020 06:57:52 GMT" time="3.409" errors="0">
  <testcase name="brokeButtonsTest" time="2.304" classname="test.BrokenLinksTest"/>
  <testcase name="brokenLinksTest" time="1.105" classname="test.BrokenLinksTest"/>
</testsuite> <!-- test.BrokenLinksTest -->
