<?xml version="1.0" encoding="UTF-8"?>
<!-- Generated by org.testng.reporters.JUnitReportReporter -->
<testsuite skipped="0" hostname="GINBAKS" name="test.EditDocumentTests" tests="1" failures="0" timestamp="25 Mar 2020 10:05:25 GMT" time="4.726" errors="0">
  <testcase name="editDocumentTest" time="4.726" classname="test.EditDocumentTests"/>
</testsuite> <!-- test.EditDocumentTests -->
