<?xml version="1.0" encoding="UTF-8"?>
<!-- Generated by org.testng.reporters.JUnitReportReporter -->
<testsuite skipped="0" hostname="DESKTOP-UQOQGP4" name="test.NewGroupTests" tests="3" failures="0" timestamp="22 Mar 2020 07:24:14 GMT" time="6.601" errors="0">
  <testcase name="createGroupTest" time="3.729" classname="test.NewGroupTests"/>
  <testcase name="groupWithoutNameTest" time="0.927" classname="test.NewGroupTests"/>
  <testcase name="userInGroupTest" time="1.945" classname="test.NewGroupTests"/>
</testsuite> <!-- test.NewGroupTests -->
