<?xml version="1.0" encoding="UTF-8"?>
<!-- Generated by org.testng.reporters.JUnitReportReporter -->
<testsuite skipped="0" hostname="DESKTOP-UQOQGP4" name="test.loginTests" tests="4" failures="0" timestamp="17 Mar 2020 07:51:03 GMT" time="4.092" errors="0">
  <testcase name="emptyLoginFieldsTest" time="0.965" classname="test.loginTests"/>
  <testcase name="adminLoginTest" time="1.081" classname="test.loginTests"/>
  <testcase name="userLoginTest" time="1.063" classname="test.loginTests"/>
  <testcase name="wrongLoginTest" time="0.983" classname="test.loginTests"/>
</testsuite> <!-- test.loginTests -->
