<?xml version="1.0" encoding="UTF-8"?>
<!-- Generated by org.testng.reporters.JUnitReportReporter -->
<testsuite skipped="2" hostname="GINBAKS" name="test.SubmitSignDeclineDocumentTests" tests="3" failures="0" timestamp="18 Mar 2020 21:15:08 GMT" time="4.052" errors="0">
  <testcase name="submitDocumentTest" time="4.052" classname="test.SubmitSignDeclineDocumentTests"/>
  <testcase name="declineDocumentTest" classname="test.SubmitSignDeclineDocumentTests">
    <skipped/>
  </testcase> <!-- declineDocumentTest -->
  <testcase name="signDocumentTest" classname="test.SubmitSignDeclineDocumentTests">
    <skipped/>
  </testcase> <!-- signDocumentTest -->
</testsuite> <!-- test.SubmitSignDeclineDocumentTests -->
