<?xml version="1.0" encoding="UTF-8"?>
<!-- Generated by org.testng.reporters.JUnitReportReporter -->
<testsuite skipped="0" hostname="DESKTOP-UQOQGP4" name="test.EditGroupTest" tests="3" failures="0" timestamp="25 Mar 2020 07:13:48 GMT" time="9.692" errors="0">
  <testcase name="editGroupName" time="3.000" classname="test.EditGroupTest"/>
  <testcase name="updateGroupUsersTest" time="2.916" classname="test.EditGroupTest"/>
  <testcase name="updateGroupCreatSignRightsTest" time="3.776" classname="test.EditGroupTest"/>
</testsuite> <!-- test.EditGroupTest -->
