<?xml version="1.0" encoding="UTF-8"?>
<!-- Generated by org.testng.reporters.JUnitReportReporter -->
<testsuite skipped="2" hostname="DESKTOP-UQOQGP4" name="test.NewGroupTests" tests="5" failures="0" timestamp="20 Feb 2020 08:41:34 GMT" time="5.253" errors="0">
  <testcase name="createGroupTest" time="2.480" classname="test.NewGroupTests"/>
  <testcase name="groupWithoutNameTest" time="1.400" classname="test.NewGroupTests"/>
  <testcase name="userInGroupTest" time="1.373" classname="test.NewGroupTests"/>
  <testcase name="docTypeTest" classname="test.NewGroupTests">
    <skipped/>
  </testcase> <!-- docTypeTest -->
  <testcase name="editGroupTest" classname="test.NewGroupTests">
    <skipped/>
  </testcase> <!-- editGroupTest -->
</testsuite> <!-- test.NewGroupTests -->
