<?xml version="1.0" encoding="UTF-8"?>
<!-- Generated by org.testng.reporters.JUnitReportReporter -->
<testsuite skipped="1" hostname="GINBAKS" name="test.NewUserCreationTests" tests="2" failures="0" timestamp="20 Feb 2020 08:22:19 GMT" time="0.886" errors="0">
  <testcase name="newAdminCreationTest" time="0.886" classname="test.NewUserCreationTests"/>
  <testcase name="newUserCreationTest" classname="test.NewUserCreationTests">
    <skipped/>
  </testcase> <!-- newUserCreationTest -->
</testsuite> <!-- test.NewUserCreationTests -->
