<?xml version="1.0" encoding="UTF-8"?>
<!-- Generated by org.testng.reporters.JUnitReportReporter -->
<testsuite skipped="0" hostname="DESKTOP-UQOQGP4" name="test.NewGroupTests" tests="3" failures="0" timestamp="25 Mar 2020 07:01:08 GMT" time="5.642" errors="0">
  <testcase name="groupWithoutNameTest" time="1.250" classname="test.NewGroupTests"/>
  <testcase name="createGroupTest" time="2.648" classname="test.NewGroupTests"/>
  <testcase name="userInGroupTest" time="1.744" classname="test.NewGroupTests"/>
</testsuite> <!-- test.NewGroupTests -->
