<?xml version="1.0" encoding="UTF-8"?>
<!-- Generated by org.testng.reporters.JUnitReportReporter -->
<testsuite skipped="0" hostname="GINBAKS" name="test.NewDocumentTests" tests="1" failures="0" timestamp="25 Mar 2020 10:04:25 GMT" time="2.304" errors="0">
  <testcase name="createNewDocumentTest" time="2.304" classname="test.NewDocumentTests"/>
</testsuite> <!-- test.NewDocumentTests -->
