<?xml version="1.0" encoding="UTF-8"?>
<!-- Generated by org.testng.reporters.JUnitReportReporter -->
<testsuite skipped="0" hostname="DESKTOP-UQOQGP4" name="test.BrokenLinksTest" tests="2" failures="0" timestamp="20 Feb 2020 07:21:41 GMT" time="3.567" errors="0">
  <testcase name="brokeButtonsTest" time="2.143" classname="test.BrokenLinksTest"/>
  <testcase name="brokenLinksTest" time="1.424" classname="test.BrokenLinksTest"/>
</testsuite> <!-- test.BrokenLinksTest -->
