<?xml version="1.0" encoding="UTF-8"?>
<!-- Generated by org.testng.reporters.JUnitReportReporter -->
<testsuite skipped="0" hostname="GINBAKS" name="test.EditDocumentTests" tests="1" failures="0" timestamp="18 Mar 2020 20:55:18 GMT" time="13.127" errors="0">
  <testcase name="editDocumentTest" time="13.127" classname="test.EditDocumentTests"/>
</testsuite> <!-- test.EditDocumentTests -->
