<?xml version="1.0" encoding="UTF-8"?>
<!-- Generated by org.testng.reporters.JUnitReportReporter -->
<testsuite skipped="0" hostname="GINBAKS" name="test.NewUserTests" tests="14" failures="0" timestamp="25 Mar 2020 10:03:55 GMT" time="23.065" errors="0">
  <testcase name="createNewUserTest" time="5.222" classname="test.NewUserTests"/>
  <testcase name="newUserTestNotUniqueUsername" time="1.200" classname="test.NewUserTests"/>
  <testcase name="newUserTestEmptyLastNameField" time="1.067" classname="test.NewUserTests"/>
  <testcase name="createNewAdminTest" time="4.673" classname="test.NewUserTests"/>
  <testcase name="newUserTestEmptyFirstNameField" time="0.963" classname="test.NewUserTests"/>
  <testcase name="newUserTestPassword3char" time="0.899" classname="test.NewUserTests"/>
  <testcase name="newUserTestUsername21char" time="1.126" classname="test.NewUserTests"/>
  <testcase name="newUserTestUsernameSpecChar" time="1.028" classname="test.NewUserTests"/>
  <testcase name="newUserTestPassword21char" time="1.014" classname="test.NewUserTests"/>
  <testcase name="newUserTestUsernameWithSpace" time="1.103" classname="test.NewUserTests"/>
  <testcase name="newUserTestPasswordWithSpace" time="1.201" classname="test.NewUserTests"/>
  <testcase name="newUserTestFirstName21char" time="1.085" classname="test.NewUserTests"/>
  <testcase name="newUserTestLastName21char" time="1.029" classname="test.NewUserTests"/>
  <testcase name="newUserTestUsername3char" time="1.455" classname="test.NewUserTests"/>
</testsuite> <!-- test.NewUserTests -->
