<?xml version="1.0" encoding="UTF-8"?>
<!-- Generated by org.testng.reporters.JUnitReportReporter -->
<testsuite skipped="2" hostname="DESKTOP-UQOQGP4" name="test.NewGroupTests" tests="3" failures="0" timestamp="13 Feb 2020 07:15:47 GMT" time="5.626" errors="0">
  <testcase name="userInGroupTest" time="5.626" classname="test.NewGroupTests"/>
  <testcase name="createGroupTest" classname="test.NewGroupTests">
    <skipped/>
  </testcase> <!-- createGroupTest -->
  <testcase name="groupWithoutNameTest" classname="test.NewGroupTests">
    <skipped/>
  </testcase> <!-- groupWithoutNameTest -->
</testsuite> <!-- test.NewGroupTests -->
