<?xml version="1.0" encoding="UTF-8"?>
<!-- Generated by org.testng.reporters.JUnitReportReporter -->
<testsuite skipped="0" hostname="GINBAKS" name="test.NewUserTests" tests="14" failures="0" timestamp="15 Mar 2020 01:08:38 GMT" time="33.872" errors="0">
  <testcase name="newUserTestPasswordWithSpace" time="0.860" classname="test.NewUserTests"/>
  <testcase name="createNewUserTest" time="12.161" classname="test.NewUserTests"/>
  <testcase name="newUserTestLastName21char" time="0.874" classname="test.NewUserTests"/>
  <testcase name="newUserTestEmptyLastNameField" time="0.765" classname="test.NewUserTests"/>
  <testcase name="newUserTestPassword21char" time="0.918" classname="test.NewUserTests"/>
  <testcase name="newUserTestUsername21char" time="0.882" classname="test.NewUserTests"/>
  <testcase name="newUserTestPassword3char" time="0.753" classname="test.NewUserTests"/>
  <testcase name="createNewAdminTest" time="10.123" classname="test.NewUserTests"/>
  <testcase name="newUserTestEmptyFirstNameField" time="0.800" classname="test.NewUserTests"/>
  <testcase name="newUserTestUsername3char" time="0.814" classname="test.NewUserTests"/>
  <testcase name="newUserTestUsernameWithSpace" time="1.002" classname="test.NewUserTests"/>
  <testcase name="newUserTestNotUniqueUsername" time="1.372" classname="test.NewUserTests"/>
  <testcase name="newUserTestUsernameSpecChar" time="1.519" classname="test.NewUserTests"/>
  <testcase name="newUserTestFirstName21char" time="1.029" classname="test.NewUserTests"/>
</testsuite> <!-- test.NewUserTests -->
