<?xml version="1.0" encoding="UTF-8"?>
<!-- Generated by org.testng.reporters.JUnitReportReporter -->
<testsuite skipped="0" hostname="DESKTOP-UQOQGP4" name="test.BrokenLinksTest" tests="2" failures="0" timestamp="21 Mar 2020 10:50:07 GMT" time="3.451" errors="0">
  <testcase name="brokeButtonsTest" time="2.054" classname="test.BrokenLinksTest"/>
  <testcase name="brokenLinksTest" time="1.397" classname="test.BrokenLinksTest"/>
</testsuite> <!-- test.BrokenLinksTest -->
